{"/Users/xzthemeofsss/9.8/es-query-generator/src/sentence/base.ts": {"path":"/Users/xzthemeofsss/9.8/es-query-generator/src/sentence/base.ts","statementMap":{"0":{"start":{"line":8,"column":4},"end":{"line":8,"column":null}},"1":{"start":{"line":4,"column":0},"end":{"line":4,"column":30}}},"fnMap":{"0":{"name":"(anonymous_0)","decl":{"start":{"line":7,"column":2},"end":{"line":7,"column":14}},"loc":{"start":{"line":7,"column":26},"end":{"line":9,"column":3}}}},"branchMap":{},"s":{"0":46,"1":9},"f":{"0":46},"b":{}}
,"/Users/xzthemeofsss/9.8/es-query-generator/src/sentence/constant-score.ts": {"path":"/Users/xzthemeofsss/9.8/es-query-generator/src/sentence/constant-score.ts","statementMap":{"0":{"start":{"line":4,"column":0},"end":{"line":4,"column":25}},"1":{"start":{"line":5,"column":0},"end":{"line":5,"column":31}},"2":{"start":{"line":9,"column":18},"end":{"line":9,"column":42}},"3":{"start":{"line":10,"column":30},"end":{"line":10,"column":35}},"4":{"start":{"line":11,"column":4},"end":{"line":16,"column":null}},"5":{"start":{"line":7,"column":0},"end":{"line":7,"column":21}}},"fnMap":{"0":{"name":"(anonymous_1)","decl":{"start":{"line":8,"column":2},"end":{"line":8,"column":10}},"loc":{"start":{"line":8,"column":10},"end":{"line":17,"column":3}}}},"branchMap":{},"s":{"0":6,"1":6,"2":2,"3":2,"4":2,"5":6},"f":{"0":2},"b":{}}
,"/Users/xzthemeofsss/9.8/es-query-generator/src/sentence/exists.ts": {"path":"/Users/xzthemeofsss/9.8/es-query-generator/src/sentence/exists.ts","statementMap":{"0":{"start":{"line":3,"column":0},"end":{"line":3,"column":25}},"1":{"start":{"line":7,"column":24},"end":{"line":7,"column":38}},"2":{"start":{"line":8,"column":24},"end":{"line":8,"column":25}},"3":{"start":{"line":10,"column":4},"end":{"line":15,"column":null}},"4":{"start":{"line":11,"column":6},"end":{"line":11,"column":null}},"5":{"start":{"line":12,"column":6},"end":{"line":12,"column":null}},"6":{"start":{"line":14,"column":6},"end":{"line":14,"column":null}},"7":{"start":{"line":16,"column":53},"end":{"line":16,"column":62}},"8":{"start":{"line":17,"column":4},"end":{"line":19,"column":null}},"9":{"start":{"line":18,"column":6},"end":{"line":18,"column":null}},"10":{"start":{"line":20,"column":4},"end":{"line":22,"column":null}},"11":{"start":{"line":5,"column":0},"end":{"line":5,"column":21}}},"fnMap":{"0":{"name":"(anonymous_1)","decl":{"start":{"line":6,"column":2},"end":{"line":6,"column":10}},"loc":{"start":{"line":6,"column":10},"end":{"line":23,"column":3}}}},"branchMap":{"0":{"loc":{"start":{"line":10,"column":4},"end":{"line":15,"column":null}},"type":"if","locations":[{"start":{"line":10,"column":4},"end":{"line":15,"column":null}},{"start":{"line":10,"column":4},"end":{"line":15,"column":null}}]},"1":{"loc":{"start":{"line":17,"column":4},"end":{"line":19,"column":null}},"type":"if","locations":[{"start":{"line":17,"column":4},"end":{"line":19,"column":null}},{"start":{"line":17,"column":4},"end":{"line":19,"column":null}}]}},"s":{"0":7,"1":2,"2":2,"3":2,"4":1,"5":1,"6":1,"7":2,"8":2,"9":1,"10":2,"11":7},"f":{"0":2},"b":{"0":[1,1],"1":[1,1]}}
,"/Users/xzthemeofsss/9.8/es-query-generator/src/sentence/in.ts": {"path":"/Users/xzthemeofsss/9.8/es-query-generator/src/sentence/in.ts","statementMap":{"0":{"start":{"line":4,"column":0},"end":{"line":4,"column":25}},"1":{"start":{"line":5,"column":0},"end":{"line":5,"column":37}},"2":{"start":{"line":9,"column":25},"end":{"line":9,"column":58}},"3":{"start":{"line":10,"column":26},"end":{"line":10,"column":35}},"4":{"start":{"line":11,"column":19},"end":{"line":11,"column":71}},"5":{"start":{"line":11,"column":56},"end":{"line":11,"column":68}},"6":{"start":{"line":12,"column":4},"end":{"line":12,"column":null}},"7":{"start":{"line":7,"column":0},"end":{"line":7,"column":21}}},"fnMap":{"0":{"name":"(anonymous_1)","decl":{"start":{"line":8,"column":2},"end":{"line":8,"column":10}},"loc":{"start":{"line":8,"column":10},"end":{"line":13,"column":3}}},"1":{"name":"(anonymous_2)","decl":{"start":{"line":11,"column":48},"end":{"line":11,"column":49}},"loc":{"start":{"line":11,"column":56},"end":{"line":11,"column":68}}}},"branchMap":{},"s":{"0":6,"1":6,"2":2,"3":2,"4":2,"5":4,"6":2,"7":6},"f":{"0":2,"1":4},"b":{}}
,"/Users/xzthemeofsss/9.8/es-query-generator/src/sentence/not.ts": {"path":"/Users/xzthemeofsss/9.8/es-query-generator/src/sentence/not.ts","statementMap":{"0":{"start":{"line":4,"column":0},"end":{"line":4,"column":25}},"1":{"start":{"line":5,"column":0},"end":{"line":5,"column":38}},"2":{"start":{"line":9,"column":26},"end":{"line":9,"column":30}},"3":{"start":{"line":10,"column":4},"end":{"line":12,"column":null}},"4":{"start":{"line":7,"column":0},"end":{"line":7,"column":21}}},"fnMap":{"0":{"name":"(anonymous_1)","decl":{"start":{"line":8,"column":2},"end":{"line":8,"column":10}},"loc":{"start":{"line":8,"column":10},"end":{"line":13,"column":3}}}},"branchMap":{},"s":{"0":6,"1":6,"2":1,"3":1,"4":6},"f":{"0":1},"b":{}}
,"/Users/xzthemeofsss/9.8/es-query-generator/src/sentence/or.ts": {"path":"/Users/xzthemeofsss/9.8/es-query-generator/src/sentence/or.ts","statementMap":{"0":{"start":{"line":4,"column":0},"end":{"line":4,"column":25}},"1":{"start":{"line":5,"column":0},"end":{"line":5,"column":37}},"2":{"start":{"line":9,"column":26},"end":{"line":9,"column":30}},"3":{"start":{"line":10,"column":4},"end":{"line":12,"column":null}},"4":{"start":{"line":7,"column":0},"end":{"line":7,"column":21}}},"fnMap":{"0":{"name":"(anonymous_1)","decl":{"start":{"line":8,"column":2},"end":{"line":8,"column":10}},"loc":{"start":{"line":8,"column":10},"end":{"line":13,"column":3}}}},"branchMap":{},"s":{"0":6,"1":6,"2":2,"3":2,"4":6},"f":{"0":2},"b":{}}
,"/Users/xzthemeofsss/9.8/es-query-generator/src/sentence/parse.ts": {"path":"/Users/xzthemeofsss/9.8/es-query-generator/src/sentence/parse.ts","statementMap":{"0":{"start":{"line":2,"column":0},"end":{"line":2,"column":null}},"1":{"start":{"line":14,"column":0},"end":{"line":14,"column":44}},"2":{"start":{"line":15,"column":0},"end":{"line":15,"column":29}},"3":{"start":{"line":16,"column":0},"end":{"line":16,"column":21}},"4":{"start":{"line":17,"column":0},"end":{"line":17,"column":23}},"5":{"start":{"line":18,"column":0},"end":{"line":18,"column":21}},"6":{"start":{"line":19,"column":0},"end":{"line":19,"column":27}},"7":{"start":{"line":20,"column":0},"end":{"line":20,"column":25}},"8":{"start":{"line":23,"column":2},"end":{"line":25,"column":null}},"9":{"start":{"line":24,"column":4},"end":{"line":24,"column":null}},"10":{"start":{"line":26,"column":2},"end":{"line":28,"column":null}},"11":{"start":{"line":27,"column":4},"end":{"line":27,"column":null}},"12":{"start":{"line":30,"column":2},"end":{"line":32,"column":null}},"13":{"start":{"line":31,"column":4},"end":{"line":31,"column":null}},"14":{"start":{"line":34,"column":2},"end":{"line":36,"column":null}},"15":{"start":{"line":35,"column":4},"end":{"line":35,"column":null}},"16":{"start":{"line":38,"column":2},"end":{"line":40,"column":null}},"17":{"start":{"line":39,"column":4},"end":{"line":39,"column":null}},"18":{"start":{"line":42,"column":2},"end":{"line":44,"column":null}},"19":{"start":{"line":43,"column":4},"end":{"line":43,"column":null}},"20":{"start":{"line":46,"column":2},"end":{"line":48,"column":null}},"21":{"start":{"line":47,"column":4},"end":{"line":47,"column":null}},"22":{"start":{"line":49,"column":2},"end":{"line":49,"column":null}},"23":{"start":{"line":22,"column":0},"end":{"line":22,"column":16}},"24":{"start":{"line":53,"column":2},"end":{"line":55,"column":null}},"25":{"start":{"line":54,"column":4},"end":{"line":54,"column":null}},"26":{"start":{"line":56,"column":37},"end":{"line":57,"column":null}},"27":{"start":{"line":57,"column":4},"end":{"line":57,"column":42}},"28":{"start":{"line":59,"column":2},"end":{"line":61,"column":null}},"29":{"start":{"line":60,"column":4},"end":{"line":60,"column":null}},"30":{"start":{"line":62,"column":2},"end":{"line":62,"column":null}},"31":{"start":{"line":52,"column":0},"end":{"line":52,"column":16}}},"fnMap":{"0":{"name":"singleConditionParse","decl":{"start":{"line":22,"column":16},"end":{"line":22,"column":36}},"loc":{"start":{"line":22,"column":74},"end":{"line":50,"column":1}}},"1":{"name":"parse","decl":{"start":{"line":52,"column":16},"end":{"line":52,"column":21}},"loc":{"start":{"line":52,"column":42},"end":{"line":63,"column":1}}},"2":{"name":"(anonymous_3)","decl":{"start":{"line":56,"column":67},"end":{"line":56,"column":68}},"loc":{"start":{"line":57,"column":4},"end":{"line":57,"column":42}}}},"branchMap":{"0":{"loc":{"start":{"line":23,"column":2},"end":{"line":25,"column":null}},"type":"if","locations":[{"start":{"line":23,"column":2},"end":{"line":25,"column":null}},{"start":{"line":23,"column":2},"end":{"line":25,"column":null}}]},"1":{"loc":{"start":{"line":26,"column":2},"end":{"line":28,"column":null}},"type":"if","locations":[{"start":{"line":26,"column":2},"end":{"line":28,"column":null}},{"start":{"line":26,"column":2},"end":{"line":28,"column":null}}]},"2":{"loc":{"start":{"line":30,"column":2},"end":{"line":32,"column":null}},"type":"if","locations":[{"start":{"line":30,"column":2},"end":{"line":32,"column":null}},{"start":{"line":30,"column":2},"end":{"line":32,"column":null}}]},"3":{"loc":{"start":{"line":34,"column":2},"end":{"line":36,"column":null}},"type":"if","locations":[{"start":{"line":34,"column":2},"end":{"line":36,"column":null}},{"start":{"line":34,"column":2},"end":{"line":36,"column":null}}]},"4":{"loc":{"start":{"line":38,"column":2},"end":{"line":40,"column":null}},"type":"if","locations":[{"start":{"line":38,"column":2},"end":{"line":40,"column":null}},{"start":{"line":38,"column":2},"end":{"line":40,"column":null}}]},"5":{"loc":{"start":{"line":42,"column":2},"end":{"line":44,"column":null}},"type":"if","locations":[{"start":{"line":42,"column":2},"end":{"line":44,"column":null}},{"start":{"line":42,"column":2},"end":{"line":44,"column":null}}]},"6":{"loc":{"start":{"line":46,"column":2},"end":{"line":48,"column":null}},"type":"if","locations":[{"start":{"line":46,"column":2},"end":{"line":48,"column":null}},{"start":{"line":46,"column":2},"end":{"line":48,"column":null}}]},"7":{"loc":{"start":{"line":53,"column":2},"end":{"line":55,"column":null}},"type":"if","locations":[{"start":{"line":53,"column":2},"end":{"line":55,"column":null}},{"start":{"line":53,"column":2},"end":{"line":55,"column":null}}]},"8":{"loc":{"start":{"line":59,"column":2},"end":{"line":61,"column":null}},"type":"if","locations":[{"start":{"line":59,"column":2},"end":{"line":61,"column":null}},{"start":{"line":59,"column":2},"end":{"line":61,"column":null}}]}},"s":{"0":6,"1":6,"2":6,"3":6,"4":6,"5":6,"6":6,"7":6,"8":18,"9":1,"10":17,"11":1,"12":16,"13":0,"14":16,"15":0,"16":16,"17":3,"18":13,"19":13,"20":0,"21":0,"22":0,"23":6,"24":7,"25":1,"26":6,"27":10,"28":6,"29":2,"30":4,"31":6},"f":{"0":18,"1":7,"2":10},"b":{"0":[1,17],"1":[1,16],"2":[0,16],"3":[0,16],"4":[3,13],"5":[13,0],"6":[0,0],"7":[1,6],"8":[2,4]}}
,"/Users/xzthemeofsss/9.8/es-query-generator/src/sentence/range.ts": {"path":"/Users/xzthemeofsss/9.8/es-query-generator/src/sentence/range.ts","statementMap":{"0":{"start":{"line":3,"column":0},"end":{"line":3,"column":25}},"1":{"start":{"line":7,"column":25},"end":{"line":7,"column":58}},"2":{"start":{"line":14,"column":8},"end":{"line":14,"column":10}},"3":{"start":{"line":15,"column":4},"end":{"line":17,"column":null}},"4":{"start":{"line":16,"column":6},"end":{"line":16,"column":null}},"5":{"start":{"line":18,"column":4},"end":{"line":20,"column":null}},"6":{"start":{"line":19,"column":6},"end":{"line":19,"column":null}},"7":{"start":{"line":21,"column":4},"end":{"line":23,"column":null}},"8":{"start":{"line":22,"column":6},"end":{"line":22,"column":null}},"9":{"start":{"line":24,"column":4},"end":{"line":26,"column":null}},"10":{"start":{"line":25,"column":6},"end":{"line":25,"column":null}},"11":{"start":{"line":27,"column":4},"end":{"line":29,"column":null}},"12":{"start":{"line":28,"column":6},"end":{"line":28,"column":null}},"13":{"start":{"line":30,"column":4},"end":{"line":34,"column":null}},"14":{"start":{"line":5,"column":0},"end":{"line":5,"column":21}}},"fnMap":{"0":{"name":"(anonymous_1)","decl":{"start":{"line":6,"column":2},"end":{"line":6,"column":10}},"loc":{"start":{"line":6,"column":10},"end":{"line":35,"column":3}}}},"branchMap":{"0":{"loc":{"start":{"line":15,"column":4},"end":{"line":17,"column":null}},"type":"if","locations":[{"start":{"line":15,"column":4},"end":{"line":17,"column":null}},{"start":{"line":15,"column":4},"end":{"line":17,"column":null}}]},"1":{"loc":{"start":{"line":18,"column":4},"end":{"line":20,"column":null}},"type":"if","locations":[{"start":{"line":18,"column":4},"end":{"line":20,"column":null}},{"start":{"line":18,"column":4},"end":{"line":20,"column":null}}]},"2":{"loc":{"start":{"line":21,"column":4},"end":{"line":23,"column":null}},"type":"if","locations":[{"start":{"line":21,"column":4},"end":{"line":23,"column":null}},{"start":{"line":21,"column":4},"end":{"line":23,"column":null}}]},"3":{"loc":{"start":{"line":24,"column":4},"end":{"line":26,"column":null}},"type":"if","locations":[{"start":{"line":24,"column":4},"end":{"line":26,"column":null}},{"start":{"line":24,"column":4},"end":{"line":26,"column":null}}]},"4":{"loc":{"start":{"line":27,"column":4},"end":{"line":29,"column":null}},"type":"if","locations":[{"start":{"line":27,"column":4},"end":{"line":29,"column":null}},{"start":{"line":27,"column":4},"end":{"line":29,"column":null}}]}},"s":{"0":7,"1":10,"2":10,"3":10,"4":2,"5":10,"6":2,"7":10,"8":6,"9":10,"10":3,"11":10,"12":2,"13":10,"14":7},"f":{"0":10},"b":{"0":[2,8],"1":[2,8],"2":[6,4],"3":[3,7],"4":[2,8]}}
,"/Users/xzthemeofsss/9.8/es-query-generator/src/sentence/term.ts": {"path":"/Users/xzthemeofsss/9.8/es-query-generator/src/sentence/term.ts","statementMap":{"0":{"start":{"line":3,"column":0},"end":{"line":3,"column":25}},"1":{"start":{"line":7,"column":26},"end":{"line":7,"column":30}},"2":{"start":{"line":8,"column":25},"end":{"line":8,"column":53}},"3":{"start":{"line":9,"column":4},"end":{"line":13,"column":null}},"4":{"start":{"line":5,"column":0},"end":{"line":5,"column":21}}},"fnMap":{"0":{"name":"(anonymous_1)","decl":{"start":{"line":6,"column":2},"end":{"line":6,"column":10}},"loc":{"start":{"line":6,"column":10},"end":{"line":14,"column":3}}}},"branchMap":{},"s":{"0":7,"1":15,"2":15,"3":15,"4":7},"f":{"0":15},"b":{}}
,"/Users/xzthemeofsss/9.8/es-query-generator/src/sentence/bool/filter.ts": {"path":"/Users/xzthemeofsss/9.8/es-query-generator/src/sentence/bool/filter.ts","statementMap":{"0":{"start":{"line":4,"column":0},"end":{"line":4,"column":26}},"1":{"start":{"line":5,"column":0},"end":{"line":5,"column":32}},"2":{"start":{"line":9,"column":26},"end":{"line":9,"column":30}},"3":{"start":{"line":10,"column":4},"end":{"line":12,"column":null}},"4":{"start":{"line":16,"column":0},"end":{"line":16,"column":null}}},"fnMap":{"0":{"name":"(anonymous_1)","decl":{"start":{"line":8,"column":2},"end":{"line":8,"column":10}},"loc":{"start":{"line":8,"column":10},"end":{"line":13,"column":3}}}},"branchMap":{},"s":{"0":6,"1":6,"2":4,"3":4,"4":6},"f":{"0":4},"b":{}}
,"/Users/xzthemeofsss/9.8/es-query-generator/src/sentence/bool/index.ts": {"path":"/Users/xzthemeofsss/9.8/es-query-generator/src/sentence/bool/index.ts","statementMap":{"0":{"start":{"line":3,"column":0},"end":{"line":3,"column":7}},"1":{"start":{"line":61,"column":23},"end":{"line":3,"column":29}},"2":{"start":{"line":4,"column":0},"end":{"line":4,"column":7}},"3":{"start":{"line":61,"column":40},"end":{"line":4,"column":25}},"4":{"start":{"line":5,"column":0},"end":{"line":5,"column":7}},"5":{"start":{"line":61,"column":31},"end":{"line":5,"column":32}},"6":{"start":{"line":6,"column":0},"end":{"line":6,"column":7}},"7":{"start":{"line":61,"column":15},"end":{"line":6,"column":29}},"8":{"start":{"line":18,"column":4},"end":{"line":24,"column":null}},"9":{"start":{"line":19,"column":48},"end":{"line":19,"column":54}},"10":{"start":{"line":20,"column":6},"end":{"line":20,"column":null}},"11":{"start":{"line":21,"column":6},"end":{"line":21,"column":null}},"12":{"start":{"line":22,"column":6},"end":{"line":22,"column":null}},"13":{"start":{"line":23,"column":6},"end":{"line":23,"column":null}},"14":{"start":{"line":28,"column":4},"end":{"line":28,"column":null}},"15":{"start":{"line":29,"column":4},"end":{"line":29,"column":null}},"16":{"start":{"line":33,"column":4},"end":{"line":33,"column":null}},"17":{"start":{"line":34,"column":4},"end":{"line":34,"column":null}},"18":{"start":{"line":38,"column":46},"end":{"line":38,"column":50}},"19":{"start":{"line":44,"column":8},"end":{"line":44,"column":10}},"20":{"start":{"line":45,"column":4},"end":{"line":47,"column":null}},"21":{"start":{"line":46,"column":6},"end":{"line":46,"column":null}},"22":{"start":{"line":48,"column":4},"end":{"line":50,"column":null}},"23":{"start":{"line":49,"column":6},"end":{"line":49,"column":null}},"24":{"start":{"line":51,"column":4},"end":{"line":53,"column":null}},"25":{"start":{"line":52,"column":6},"end":{"line":52,"column":null}},"26":{"start":{"line":54,"column":4},"end":{"line":56,"column":null}},"27":{"start":{"line":55,"column":6},"end":{"line":55,"column":null}},"28":{"start":{"line":57,"column":4},"end":{"line":57,"column":null}},"29":{"start":{"line":61,"column":9},"end":{"line":61,"column":13}}},"fnMap":{"0":{"name":"(anonymous_1)","decl":{"start":{"line":17,"column":2},"end":{"line":17,"column":14}},"loc":{"start":{"line":17,"column":91},"end":{"line":25,"column":3}}},"1":{"name":"(anonymous_2)","decl":{"start":{"line":27,"column":2},"end":{"line":27,"column":11}},"loc":{"start":{"line":27,"column":26},"end":{"line":30,"column":3}}},"2":{"name":"(anonymous_3)","decl":{"start":{"line":32,"column":2},"end":{"line":32,"column":12}},"loc":{"start":{"line":32,"column":28},"end":{"line":35,"column":3}}},"3":{"name":"(anonymous_4)","decl":{"start":{"line":37,"column":2},"end":{"line":37,"column":10}},"loc":{"start":{"line":37,"column":10},"end":{"line":58,"column":3}}}},"branchMap":{"0":{"loc":{"start":{"line":18,"column":4},"end":{"line":24,"column":null}},"type":"if","locations":[{"start":{"line":18,"column":4},"end":{"line":24,"column":null}},{"start":{"line":18,"column":4},"end":{"line":24,"column":null}}]},"1":{"loc":{"start":{"line":45,"column":4},"end":{"line":47,"column":null}},"type":"if","locations":[{"start":{"line":45,"column":4},"end":{"line":47,"column":null}},{"start":{"line":45,"column":4},"end":{"line":47,"column":null}}]},"2":{"loc":{"start":{"line":48,"column":4},"end":{"line":50,"column":null}},"type":"if","locations":[{"start":{"line":48,"column":4},"end":{"line":50,"column":null}},{"start":{"line":48,"column":4},"end":{"line":50,"column":null}}]},"3":{"loc":{"start":{"line":51,"column":4},"end":{"line":53,"column":null}},"type":"if","locations":[{"start":{"line":51,"column":4},"end":{"line":53,"column":null}},{"start":{"line":51,"column":4},"end":{"line":53,"column":null}}]},"4":{"loc":{"start":{"line":54,"column":4},"end":{"line":56,"column":null}},"type":"if","locations":[{"start":{"line":54,"column":4},"end":{"line":56,"column":null}},{"start":{"line":54,"column":4},"end":{"line":56,"column":null}}]}},"s":{"0":6,"1":6,"2":6,"3":6,"4":6,"5":6,"6":6,"7":6,"8":7,"9":7,"10":7,"11":7,"12":7,"13":7,"14":0,"15":0,"16":0,"17":0,"18":7,"19":7,"20":7,"21":4,"22":7,"23":0,"24":7,"25":2,"26":7,"27":1,"28":7,"29":6},"f":{"0":7,"1":0,"2":0,"3":7},"b":{"0":[7,0],"1":[4,3],"2":[0,7],"3":[2,5],"4":[1,6]}}
,"/Users/xzthemeofsss/9.8/es-query-generator/src/sentence/bool/must-not.ts": {"path":"/Users/xzthemeofsss/9.8/es-query-generator/src/sentence/bool/must-not.ts","statementMap":{"0":{"start":{"line":4,"column":0},"end":{"line":4,"column":26}},"1":{"start":{"line":5,"column":0},"end":{"line":5,"column":32}},"2":{"start":{"line":9,"column":26},"end":{"line":9,"column":30}},"3":{"start":{"line":10,"column":4},"end":{"line":12,"column":null}},"4":{"start":{"line":16,"column":0},"end":{"line":16,"column":null}}},"fnMap":{"0":{"name":"(anonymous_1)","decl":{"start":{"line":8,"column":2},"end":{"line":8,"column":10}},"loc":{"start":{"line":8,"column":10},"end":{"line":13,"column":3}}}},"branchMap":{},"s":{"0":6,"1":6,"2":1,"3":1,"4":6},"f":{"0":1},"b":{}}
,"/Users/xzthemeofsss/9.8/es-query-generator/src/sentence/bool/must.ts": {"path":"/Users/xzthemeofsss/9.8/es-query-generator/src/sentence/bool/must.ts","statementMap":{"0":{"start":{"line":4,"column":0},"end":{"line":4,"column":26}},"1":{"start":{"line":5,"column":0},"end":{"line":5,"column":32}},"2":{"start":{"line":9,"column":26},"end":{"line":9,"column":30}},"3":{"start":{"line":10,"column":4},"end":{"line":12,"column":null}},"4":{"start":{"line":16,"column":0},"end":{"line":16,"column":null}}},"fnMap":{"0":{"name":"(anonymous_1)","decl":{"start":{"line":8,"column":2},"end":{"line":8,"column":10}},"loc":{"start":{"line":8,"column":10},"end":{"line":13,"column":3}}}},"branchMap":{},"s":{"0":6,"1":6,"2":2,"3":2,"4":6},"f":{"0":2},"b":{}}
,"/Users/xzthemeofsss/9.8/es-query-generator/src/sentence/bool/should.ts": {"path":"/Users/xzthemeofsss/9.8/es-query-generator/src/sentence/bool/should.ts","statementMap":{"0":{"start":{"line":2,"column":0},"end":{"line":2,"column":30}},"1":{"start":{"line":3,"column":0},"end":{"line":3,"column":67}},"2":{"start":{"line":5,"column":0},"end":{"line":5,"column":26}},"3":{"start":{"line":6,"column":0},"end":{"line":6,"column":47}},"4":{"start":{"line":10,"column":26},"end":{"line":10,"column":40}},"5":{"start":{"line":11,"column":22},"end":{"line":16,"column":6}},"6":{"start":{"line":12,"column":6},"end":{"line":14,"column":null}},"7":{"start":{"line":13,"column":8},"end":{"line":13,"column":null}},"8":{"start":{"line":15,"column":6},"end":{"line":15,"column":null}},"9":{"start":{"line":17,"column":4},"end":{"line":19,"column":null}},"10":{"start":{"line":23,"column":0},"end":{"line":23,"column":null}}},"fnMap":{"0":{"name":"(anonymous_1)","decl":{"start":{"line":9,"column":2},"end":{"line":9,"column":10}},"loc":{"start":{"line":9,"column":10},"end":{"line":20,"column":3}}},"1":{"name":"(anonymous_2)","decl":{"start":{"line":11,"column":40},"end":{"line":11,"column":41}},"loc":{"start":{"line":11,"column":46},"end":{"line":16,"column":5}}}},"branchMap":{"0":{"loc":{"start":{"line":12,"column":6},"end":{"line":14,"column":null}},"type":"if","locations":[{"start":{"line":12,"column":6},"end":{"line":14,"column":null}},{"start":{"line":12,"column":6},"end":{"line":14,"column":null}}]}},"s":{"0":6,"1":6,"2":6,"3":6,"4":5,"5":5,"6":10,"7":8,"8":2,"9":5,"10":6},"f":{"0":5,"1":10},"b":{"0":[8,2]}}
,"/Users/xzthemeofsss/9.8/es-query-generator/src/type/condition.ts": {"path":"/Users/xzthemeofsss/9.8/es-query-generator/src/type/condition.ts","statementMap":{"0":{"start":{"line":1,"column":0},"end":{"line":1,"column":27}},"1":{"start":{"line":4,"column":2},"end":{"line":4,"column":null}},"2":{"start":{"line":3,"column":0},"end":{"line":3,"column":16}},"3":{"start":{"line":13,"column":23},"end":{"line":13,"column":51}},"4":{"start":{"line":14,"column":2},"end":{"line":21,"column":null}},"5":{"start":{"line":12,"column":0},"end":{"line":12,"column":16}},"6":{"start":{"line":31,"column":20},"end":{"line":31,"column":48}},"7":{"start":{"line":32,"column":2},"end":{"line":37,"column":null}},"8":{"start":{"line":36,"column":39},"end":{"line":36,"column":90}},"9":{"start":{"line":30,"column":0},"end":{"line":30,"column":16}},"10":{"start":{"line":45,"column":20},"end":{"line":45,"column":48}},"11":{"start":{"line":46,"column":2},"end":{"line":52,"column":null}},"12":{"start":{"line":44,"column":0},"end":{"line":44,"column":16}},"13":{"start":{"line":58,"column":23},"end":{"line":58,"column":51}},"14":{"start":{"line":59,"column":2},"end":{"line":64,"column":null}},"15":{"start":{"line":57,"column":0},"end":{"line":57,"column":16}},"16":{"start":{"line":72,"column":16},"end":{"line":72,"column":44}},"17":{"start":{"line":73,"column":2},"end":{"line":73,"column":null}},"18":{"start":{"line":71,"column":0},"end":{"line":71,"column":16}},"19":{"start":{"line":81,"column":16},"end":{"line":81,"column":44}},"20":{"start":{"line":82,"column":2},"end":{"line":82,"column":null}},"21":{"start":{"line":80,"column":0},"end":{"line":80,"column":16}},"22":{"start":{"line":90,"column":23},"end":{"line":90,"column":51}},"23":{"start":{"line":91,"column":2},"end":{"line":98,"column":null}},"24":{"start":{"line":89,"column":0},"end":{"line":89,"column":16}},"25":{"start":{"line":106,"column":2},"end":{"line":106,"column":null}},"26":{"start":{"line":105,"column":0},"end":{"line":105,"column":16}},"27":{"start":{"line":112,"column":2},"end":{"line":112,"column":null}},"28":{"start":{"line":111,"column":0},"end":{"line":111,"column":16}}},"fnMap":{"0":{"name":"isSingleCondition","decl":{"start":{"line":3,"column":16},"end":{"line":3,"column":33}},"loc":{"start":{"line":3,"column":48},"end":{"line":5,"column":1}}},"1":{"name":"isTermCondition","decl":{"start":{"line":12,"column":16},"end":{"line":12,"column":31}},"loc":{"start":{"line":12,"column":46},"end":{"line":22,"column":1}}},"2":{"name":"isRangeCondition","decl":{"start":{"line":30,"column":16},"end":{"line":30,"column":32}},"loc":{"start":{"line":30,"column":47},"end":{"line":38,"column":1}}},"3":{"name":"(anonymous_9)","decl":{"start":{"line":36,"column":32},"end":{"line":36,"column":33}},"loc":{"start":{"line":36,"column":39},"end":{"line":36,"column":90}}},"4":{"name":"isInCondition","decl":{"start":{"line":44,"column":16},"end":{"line":44,"column":29}},"loc":{"start":{"line":44,"column":44},"end":{"line":53,"column":1}}},"5":{"name":"isExistanceCondition","decl":{"start":{"line":57,"column":16},"end":{"line":57,"column":36}},"loc":{"start":{"line":57,"column":51},"end":{"line":65,"column":1}}},"6":{"name":"isOrCondition","decl":{"start":{"line":71,"column":16},"end":{"line":71,"column":29}},"loc":{"start":{"line":71,"column":44},"end":{"line":74,"column":1}}},"7":{"name":"isNotCondition","decl":{"start":{"line":80,"column":16},"end":{"line":80,"column":30}},"loc":{"start":{"line":80,"column":45},"end":{"line":83,"column":1}}},"8":{"name":"isConstantScoreCondition","decl":{"start":{"line":89,"column":16},"end":{"line":89,"column":40}},"loc":{"start":{"line":89,"column":55},"end":{"line":99,"column":1}}},"9":{"name":"isAndCondition","decl":{"start":{"line":105,"column":16},"end":{"line":105,"column":30}},"loc":{"start":{"line":105,"column":45},"end":{"line":107,"column":1}}},"10":{"name":"isEmptyCondition","decl":{"start":{"line":111,"column":16},"end":{"line":111,"column":32}},"loc":{"start":{"line":111,"column":47},"end":{"line":113,"column":1}}}},"branchMap":{"0":{"loc":{"start":{"line":15,"column":4},"end":{"line":15,"column":32}},"type":"binary-expr","locations":[{"start":{"line":15,"column":4},"end":{"line":15,"column":32}},{"start":{"line":16,"column":4},"end":{"line":16,"column":21}},{"start":{"line":17,"column":5},"end":{"line":17,"column":30}},{"start":{"line":18,"column":6},"end":{"line":18,"column":31}},{"start":{"line":19,"column":6},"end":{"line":19,"column":32}},{"start":{"line":20,"column":7},"end":{"line":20,"column":32}},{"start":{"line":20,"column":36},"end":{"line":20,"column":43}},{"start":{"line":20,"column":47},"end":{"line":20,"column":63}},{"start":{"line":20,"column":67},"end":{"line":20,"column":83}}]},"1":{"loc":{"start":{"line":33,"column":4},"end":{"line":33,"column":32}},"type":"binary-expr","locations":[{"start":{"line":33,"column":4},"end":{"line":33,"column":32}},{"start":{"line":34,"column":4},"end":{"line":34,"column":29}},{"start":{"line":35,"column":4},"end":{"line":35,"column":11}},{"start":{"line":36,"column":4},"end":{"line":36,"column":91}}]},"2":{"loc":{"start":{"line":47,"column":4},"end":{"line":47,"column":32}},"type":"binary-expr","locations":[{"start":{"line":47,"column":4},"end":{"line":47,"column":32}},{"start":{"line":48,"column":4},"end":{"line":48,"column":29}},{"start":{"line":49,"column":4},"end":{"line":49,"column":11}},{"start":{"line":50,"column":4},"end":{"line":50,"column":18}},{"start":{"line":51,"column":4},"end":{"line":51,"column":38}}]},"3":{"loc":{"start":{"line":60,"column":4},"end":{"line":60,"column":32}},"type":"binary-expr","locations":[{"start":{"line":60,"column":4},"end":{"line":60,"column":32}},{"start":{"line":61,"column":4},"end":{"line":61,"column":21}},{"start":{"line":62,"column":5},"end":{"line":62,"column":30}},{"start":{"line":63,"column":7},"end":{"line":63,"column":32}},{"start":{"line":63,"column":36},"end":{"line":63,"column":43}},{"start":{"line":63,"column":47},"end":{"line":63,"column":63}},{"start":{"line":63,"column":67},"end":{"line":63,"column":83}}]},"4":{"loc":{"start":{"line":73,"column":9},"end":{"line":73,"column":37}},"type":"binary-expr","locations":[{"start":{"line":73,"column":9},"end":{"line":73,"column":37}},{"start":{"line":73,"column":41},"end":{"line":73,"column":54}}]},"5":{"loc":{"start":{"line":82,"column":9},"end":{"line":82,"column":37}},"type":"binary-expr","locations":[{"start":{"line":82,"column":9},"end":{"line":82,"column":37}},{"start":{"line":82,"column":41},"end":{"line":82,"column":55}}]},"6":{"loc":{"start":{"line":92,"column":4},"end":{"line":92,"column":32}},"type":"binary-expr","locations":[{"start":{"line":92,"column":4},"end":{"line":92,"column":32}},{"start":{"line":93,"column":4},"end":{"line":93,"column":23}},{"start":{"line":94,"column":4},"end":{"line":94,"column":29}},{"start":{"line":95,"column":4},"end":{"line":95,"column":11}},{"start":{"line":96,"column":4},"end":{"line":96,"column":22}},{"start":{"line":97,"column":4},"end":{"line":97,"column":20}}]},"7":{"loc":{"start":{"line":112,"column":9},"end":{"line":112,"column":38}},"type":"binary-expr","locations":[{"start":{"line":112,"column":9},"end":{"line":112,"column":38}},{"start":{"line":112,"column":42},"end":{"line":112,"column":80}}]}},"s":{"0":6,"1":106,"2":6,"3":13,"4":13,"5":6,"6":16,"7":16,"8":5,"9":6,"10":17,"11":17,"12":6,"13":0,"14":0,"15":6,"16":18,"17":18,"18":6,"19":16,"20":16,"21":6,"22":16,"23":16,"24":6,"25":0,"26":6,"27":7,"28":6},"f":{"0":106,"1":13,"2":16,"3":5,"4":17,"5":0,"6":18,"7":16,"8":16,"9":0,"10":7},"b":{"0":[13,13,13,2,0,0,0,0,0],"1":[16,16,3,3],"2":[17,17,4,4,1],"3":[0,0,0,0,0,0,0],"4":[18,18],"5":[16,16],"6":[16,16,0,0,0,0],"7":[7,7]}}
}
