TN:
SF:src/sentence/base.ts
FN:7,(anonymous_0)
FNF:1
FNH:1
FNDA:46,(anonymous_0)
DA:4,9
DA:8,46
LF:2
LH:2
BRF:0
BRH:0
end_of_record
TN:
SF:src/sentence/constant-score.ts
FN:8,(anonymous_1)
FNF:1
FNH:1
FNDA:2,(anonymous_1)
DA:4,6
DA:5,6
DA:7,6
DA:9,2
DA:10,2
DA:11,2
LF:6
LH:6
BRF:0
BRH:0
end_of_record
TN:
SF:src/sentence/exists.ts
FN:6,(anonymous_1)
FNF:1
FNH:1
FNDA:2,(anonymous_1)
DA:3,7
DA:5,7
DA:7,2
DA:8,2
DA:10,2
DA:11,1
DA:12,1
DA:14,1
DA:16,2
DA:17,2
DA:18,1
DA:20,2
LF:12
LH:12
BRDA:10,0,0,1
BRDA:10,0,1,1
BRDA:17,1,0,1
BRDA:17,1,1,1
BRF:4
BRH:4
end_of_record
TN:
SF:src/sentence/in.ts
FN:8,(anonymous_1)
FN:11,(anonymous_2)
FNF:2
FNH:2
FNDA:2,(anonymous_1)
FNDA:4,(anonymous_2)
DA:4,6
DA:5,6
DA:7,6
DA:9,2
DA:10,2
DA:11,4
DA:12,2
LF:7
LH:7
BRF:0
BRH:0
end_of_record
TN:
SF:src/sentence/not.ts
FN:8,(anonymous_1)
FNF:1
FNH:1
FNDA:1,(anonymous_1)
DA:4,6
DA:5,6
DA:7,6
DA:9,1
DA:10,1
LF:5
LH:5
BRF:0
BRH:0
end_of_record
TN:
SF:src/sentence/or.ts
FN:8,(anonymous_1)
FNF:1
FNH:1
FNDA:2,(anonymous_1)
DA:4,6
DA:5,6
DA:7,6
DA:9,2
DA:10,2
LF:5
LH:5
BRF:0
BRH:0
end_of_record
TN:
SF:src/sentence/parse.ts
FN:22,singleConditionParse
FN:52,parse
FN:56,(anonymous_3)
FNF:3
FNH:3
FNDA:18,singleConditionParse
FNDA:7,parse
FNDA:10,(anonymous_3)
DA:2,6
DA:14,6
DA:15,6
DA:16,6
DA:17,6
DA:18,6
DA:19,6
DA:20,6
DA:22,6
DA:23,18
DA:24,1
DA:26,17
DA:27,1
DA:30,16
DA:31,0
DA:34,16
DA:35,0
DA:38,16
DA:39,3
DA:42,13
DA:43,13
DA:46,0
DA:47,0
DA:49,0
DA:52,6
DA:53,7
DA:54,1
DA:56,6
DA:57,10
DA:59,6
DA:60,2
DA:62,4
LF:32
LH:27
BRDA:23,0,0,1
BRDA:23,0,1,17
BRDA:26,1,0,1
BRDA:26,1,1,16
BRDA:30,2,0,0
BRDA:30,2,1,16
BRDA:34,3,0,0
BRDA:34,3,1,16
BRDA:38,4,0,3
BRDA:38,4,1,13
BRDA:42,5,0,13
BRDA:42,5,1,0
BRDA:46,6,0,0
BRDA:46,6,1,0
BRDA:53,7,0,1
BRDA:53,7,1,6
BRDA:59,8,0,2
BRDA:59,8,1,4
BRF:18
BRH:13
end_of_record
TN:
SF:src/sentence/range.ts
FN:6,(anonymous_1)
FNF:1
FNH:1
FNDA:10,(anonymous_1)
DA:3,7
DA:5,7
DA:7,10
DA:14,10
DA:15,10
DA:16,2
DA:18,10
DA:19,2
DA:21,10
DA:22,6
DA:24,10
DA:25,3
DA:27,10
DA:28,2
DA:30,10
LF:15
LH:15
BRDA:15,0,0,2
BRDA:15,0,1,8
BRDA:18,1,0,2
BRDA:18,1,1,8
BRDA:21,2,0,6
BRDA:21,2,1,4
BRDA:24,3,0,3
BRDA:24,3,1,7
BRDA:27,4,0,2
BRDA:27,4,1,8
BRF:10
BRH:10
end_of_record
TN:
SF:src/sentence/term.ts
FN:6,(anonymous_1)
FNF:1
FNH:1
FNDA:15,(anonymous_1)
DA:3,7
DA:5,7
DA:7,15
DA:8,15
DA:9,15
LF:5
LH:5
BRF:0
BRH:0
end_of_record
TN:
SF:src/sentence/bool/filter.ts
FN:8,(anonymous_1)
FNF:1
FNH:1
FNDA:4,(anonymous_1)
DA:4,6
DA:5,6
DA:9,4
DA:10,4
DA:16,6
LF:5
LH:5
BRF:0
BRH:0
end_of_record
TN:
SF:src/sentence/bool/index.ts
FN:17,(anonymous_1)
FN:27,(anonymous_2)
FN:32,(anonymous_3)
FN:37,(anonymous_4)
FNF:4
FNH:2
FNDA:7,(anonymous_1)
FNDA:0,(anonymous_2)
FNDA:0,(anonymous_3)
FNDA:7,(anonymous_4)
DA:3,6
DA:4,6
DA:5,6
DA:6,6
DA:18,7
DA:19,7
DA:20,7
DA:21,7
DA:22,7
DA:23,7
DA:28,0
DA:29,0
DA:33,0
DA:34,0
DA:38,7
DA:44,7
DA:45,7
DA:46,4
DA:48,7
DA:49,0
DA:51,7
DA:52,2
DA:54,7
DA:55,1
DA:57,7
DA:61,6
LF:26
LH:21
BRDA:18,0,0,7
BRDA:18,0,1,0
BRDA:45,1,0,4
BRDA:45,1,1,3
BRDA:48,2,0,0
BRDA:48,2,1,7
BRDA:51,3,0,2
BRDA:51,3,1,5
BRDA:54,4,0,1
BRDA:54,4,1,6
BRF:10
BRH:8
end_of_record
TN:
SF:src/sentence/bool/must-not.ts
FN:8,(anonymous_1)
FNF:1
FNH:1
FNDA:1,(anonymous_1)
DA:4,6
DA:5,6
DA:9,1
DA:10,1
DA:16,6
LF:5
LH:5
BRF:0
BRH:0
end_of_record
TN:
SF:src/sentence/bool/must.ts
FN:8,(anonymous_1)
FNF:1
FNH:1
FNDA:2,(anonymous_1)
DA:4,6
DA:5,6
DA:9,2
DA:10,2
DA:16,6
LF:5
LH:5
BRF:0
BRH:0
end_of_record
TN:
SF:src/sentence/bool/should.ts
FN:9,(anonymous_1)
FN:11,(anonymous_2)
FNF:2
FNH:2
FNDA:5,(anonymous_1)
FNDA:10,(anonymous_2)
DA:2,6
DA:3,6
DA:5,6
DA:6,6
DA:10,5
DA:11,5
DA:12,10
DA:13,8
DA:15,2
DA:17,5
DA:23,6
LF:11
LH:11
BRDA:12,0,0,8
BRDA:12,0,1,2
BRF:2
BRH:2
end_of_record
TN:
SF:src/type/condition.ts
FN:3,isSingleCondition
FN:12,isTermCondition
FN:30,isRangeCondition
FN:36,(anonymous_9)
FN:44,isInCondition
FN:57,isExistanceCondition
FN:71,isOrCondition
FN:80,isNotCondition
FN:89,isConstantScoreCondition
FN:105,isAndCondition
FN:111,isEmptyCondition
FNF:11
FNH:9
FNDA:106,isSingleCondition
FNDA:13,isTermCondition
FNDA:16,isRangeCondition
FNDA:5,(anonymous_9)
FNDA:17,isInCondition
FNDA:0,isExistanceCondition
FNDA:18,isOrCondition
FNDA:16,isNotCondition
FNDA:16,isConstantScoreCondition
FNDA:0,isAndCondition
FNDA:7,isEmptyCondition
DA:1,6
DA:3,6
DA:4,106
DA:12,6
DA:13,13
DA:14,13
DA:30,6
DA:31,16
DA:32,16
DA:36,5
DA:44,6
DA:45,17
DA:46,17
DA:57,6
DA:58,0
DA:59,0
DA:71,6
DA:72,18
DA:73,18
DA:80,6
DA:81,16
DA:82,16
DA:89,6
DA:90,16
DA:91,16
DA:105,6
DA:106,0
DA:111,6
DA:112,7
LF:29
LH:26
BRDA:15,0,0,13
BRDA:15,0,1,13
BRDA:15,0,2,13
BRDA:15,0,3,2
BRDA:15,0,4,0
BRDA:15,0,5,0
BRDA:15,0,6,0
BRDA:15,0,7,0
BRDA:15,0,8,0
BRDA:33,1,0,16
BRDA:33,1,1,16
BRDA:33,1,2,3
BRDA:33,1,3,3
BRDA:47,2,0,17
BRDA:47,2,1,17
BRDA:47,2,2,4
BRDA:47,2,3,4
BRDA:47,2,4,1
BRDA:60,3,0,0
BRDA:60,3,1,0
BRDA:60,3,2,0
BRDA:60,3,3,0
BRDA:60,3,4,0
BRDA:60,3,5,0
BRDA:60,3,6,0
BRDA:73,4,0,18
BRDA:73,4,1,18
BRDA:82,5,0,16
BRDA:82,5,1,16
BRDA:92,6,0,16
BRDA:92,6,1,16
BRDA:92,6,2,0
BRDA:92,6,3,0
BRDA:92,6,4,0
BRDA:92,6,5,0
BRDA:112,7,0,7
BRDA:112,7,1,7
BRF:37
BRH:21
end_of_record
